2025-10-13 - ===== Bắt đầu debug chương trình =====
2025-10-13 - Token nhận được: t-g206adfoDMQYHOY7VSWFJPV3GT3VYQPUPB36NHJI
2025-10-13 - Trang dữ liệu lấy được: 10, has_more=true
2025-10-13 - Trang dữ liệu lấy được: 10, has_more=true
2025-10-13 - Trang dữ liệu lấy được: 10, has_more=true
2025-10-13 - Trang dữ liệu lấy được: 10, has_more=true
2025-10-13 - Trang dữ liệu lấy được: 10, has_more=true
2025-10-13 - Trang dữ liệu lấy được: 10, has_more=true
2025-10-13 - Trang dữ liệu lấy được: 10, has_more=true
2025-10-13 - Trang dữ liệu lấy được: 10, has_more=true
2025-10-13 - Trang dữ liệu lấy được: 10, has_more=true
2025-10-13 - Trang dữ liệu lấy được: 10, has_more=true
2025-10-13 - Trang dữ liệu lấy được: 10, has_more=true
2025-10-13 - Trang dữ liệu lấy được: 10, has_more=true
2025-10-13 - Trang dữ liệu lấy được: 10, has_more=true
2025-10-13 - Trang dữ liệu lấy được: 10, has_more=true
2025-10-13 - Trang dữ liệu lấy được: 10, has_more=true
2025-10-13 - Trang dữ liệu lấy được: 10, has_more=true
2025-10-13 - Trang dữ liệu lấy được: 10, has_more=true
2025-10-13 - Trang dữ liệu lấy được: 10, has_more=true
2025-10-13 - Trang dữ liệu lấy được: 10, has_more=true
2025-10-13 - Trang dữ liệu lấy được: 10, has_more=true
2025-10-13 - Trang dữ liệu lấy được: 10, has_more=true
2025-10-13 - Trang dữ liệu lấy được: 10, has_more=true
2025-10-13 - Trang dữ liệu lấy được: 10, has_more=true
2025-10-13 - Trang dữ liệu lấy được: 10, has_more=true
2025-10-13 - Trang dữ liệu lấy được: 10, has_more=true
2025-10-13 - Trang dữ liệu lấy được: 10, has_more=true
2025-10-13 - Trang dữ liệu lấy được: 10, has_more=true
2025-10-13 - Trang dữ liệu lấy được: 10, has_more=true
2025-10-13 - Trang dữ liệu lấy được: 10, has_more=true
2025-10-13 - Trang dữ liệu lấy được: 10, has_more=true
2025-10-13 - Trang dữ liệu lấy được: 10, has_more=true
2025-10-13 - Trang dữ liệu lấy được: 10, has_more=true
2025-10-13 - Trang dữ liệu lấy được: 10, has_more=true
2025-10-13 - Trang dữ liệu lấy được: 10, has_more=true
2025-10-13 - Trang dữ liệu lấy được: 10, has_more=true
2025-10-13 - Trang dữ liệu lấy được: 10, has_more=true
2025-10-13 - Trang dữ liệu lấy được: 10, has_more=true
2025-10-13 - Trang dữ liệu lấy được: 10, has_more=true
2025-10-13 - Trang dữ liệu lấy được: 10, has_more=true
2025-10-13 - Trang dữ liệu lấy được: 10, has_more=true
2025-10-13 - Trang dữ liệu lấy được: 10, has_more=true
2025-10-13 - Trang dữ liệu lấy được: 10, has_more=true
2025-10-13 - Trang dữ liệu lấy được: 10, has_more=true
2025-10-13 - Trang dữ liệu lấy được: 10, has_more=true
2025-10-13 - Trang dữ liệu lấy được: 10, has_more=true
2025-10-13 - Trang dữ liệu lấy được: 10, has_more=true
2025-10-13 - Trang dữ liệu lấy được: 10, has_more=true
2025-10-13 - Trang dữ liệu lấy được: 10, has_more=true
2025-10-13 - Trang dữ liệu lấy được: 10, has_more=true
2025-10-13 - Trang dữ liệu lấy được: 10, has_more=true
2025-10-13 - Trang dữ liệu lấy được: 10, has_more=true
2025-10-13 - Trang dữ liệu lấy được: 10, has_more=true
2025-10-13 - Trang dữ liệu lấy được: 10, has_more=true
2025-10-13 - Trang dữ liệu lấy được: 10, has_more=true
2025-10-13 - Trang dữ liệu lấy được: 10, has_more=true
2025-10-13 - Trang dữ liệu lấy được: 10, has_more=true
2025-10-13 - Trang dữ liệu lấy được: 10, has_more=true
2025-10-13 - Trang dữ liệu lấy được: 10, has_more=true
2025-10-13 - Trang dữ liệu lấy được: 10, has_more=true
2025-10-13 - Trang dữ liệu lấy được: 10, has_more=true
2025-10-13 - Trang dữ liệu lấy được: 10, has_more=true
2025-10-13 - Trang dữ liệu lấy được: 10, has_more=true
2025-10-13 - Trang dữ liệu lấy được: 10, has_more=true
2025-10-13 - Trang dữ liệu lấy được: 10, has_more=true
2025-10-13 - Trang dữ liệu lấy được: 10, has_more=true
2025-10-13 - Trang dữ liệu lấy được: 10, has_more=true
2025-10-13 - Trang dữ liệu lấy được: 10, has_more=true
2025-10-13 - Trang dữ liệu lấy được: 10, has_more=true
2025-10-13 - Trang dữ liệu lấy được: 10, has_more=true
2025-10-13 - Trang dữ liệu lấy được: 10, has_more=true
2025-10-13 - Trang dữ liệu lấy được: 10, has_more=true
2025-10-13 - Trang dữ liệu lấy được: 10, has_more=true
2025-10-13 - Trang dữ liệu lấy được: 10, has_more=true
2025-10-13 - Trang dữ liệu lấy được: 10, has_more=true
2025-10-13 - Trang dữ liệu lấy được: 10, has_more=true
2025-10-13 - Trang dữ liệu lấy được: 10, has_more=true
2025-10-13 - Trang dữ liệu lấy được: 10, has_more=true
2025-10-13 - Trang dữ liệu lấy được: 10, has_more=true
2025-10-13 - Trang dữ liệu lấy được: 10, has_more=true
2025-10-13 - Trang dữ liệu lấy được: 10, has_more=true
2025-10-13 - Trang dữ liệu lấy được: 10, has_more=true
2025-10-13 - Trang dữ liệu lấy được: 10, has_more=true
2025-10-13 - Trang dữ liệu lấy được: 10, has_more=true
2025-10-13 - Trang dữ liệu lấy được: 10, has_more=true
2025-10-13 - Trang dữ liệu lấy được: 10, has_more=true
2025-10-13 - Trang dữ liệu lấy được: 10, has_more=true
2025-10-13 - Trang dữ liệu lấy được: 10, has_more=true
2025-10-13 - Trang dữ liệu lấy được: 10, has_more=true
2025-10-13 - Trang dữ liệu lấy được: 10, has_more=true
2025-10-13 - Trang dữ liệu lấy được: 10, has_more=true
2025-10-13 - Trang dữ liệu lấy được: 10, has_more=true
2025-10-13 - Trang dữ liệu lấy được: 10, has_more=true
2025-10-13 - Trang dữ liệu lấy được: 10, has_more=true
2025-10-13 - Trang dữ liệu lấy được: 10, has_more=true
2025-10-13 - Trang dữ liệu lấy được: 10, has_more=true
2025-10-13 - Trang dữ liệu lấy được: 10, has_more=true
2025-10-13 - Trang dữ liệu lấy được: 10, has_more=true
2025-10-13 - Trang dữ liệu lấy được: 10, has_more=true
2025-10-13 - Trang dữ liệu lấy được: 10, has_more=true
2025-10-13 - Trang dữ liệu lấy được: 10, has_more=true
2025-10-13 - Trang dữ liệu lấy được: 10, has_more=true
2025-10-13 - Trang dữ liệu lấy được: 10, has_more=true
2025-10-13 - Trang dữ liệu lấy được: 10, has_more=true
2025-10-13 - Trang dữ liệu lấy được: 10, has_more=true
2025-10-13 - Trang dữ liệu lấy được: 10, has_more=true
2025-10-13 - Trang dữ liệu lấy được: 10, has_more=true
2025-10-13 - Trang dữ liệu lấy được: 10, has_more=true
2025-10-13 - Trang dữ liệu lấy được: 10, has_more=true
2025-10-13 - Trang dữ liệu lấy được: 10, has_more=true
2025-10-13 - Trang dữ liệu lấy được: 10, has_more=true
2025-10-13 - Trang dữ liệu lấy được: 10, has_more=true
2025-10-13 - Trang dữ liệu lấy được: 10, has_more=true
2025-10-13 - Trang dữ liệu lấy được: 10, has_more=true
2025-10-13 - Trang dữ liệu lấy được: 10, has_more=true
2025-10-13 - Trang dữ liệu lấy được: 10, has_more=true
2025-10-13 - Trang dữ liệu lấy được: 10, has_more=true
2025-10-13 - Trang dữ liệu lấy được: 10, has_more=true
2025-10-13 - Trang dữ liệu lấy được: 10, has_more=true
2025-10-13 - Trang dữ liệu lấy được: 10, has_more=true
2025-10-13 - Trang dữ liệu lấy được: 10, has_more=true
2025-10-13 - Trang dữ liệu lấy được: 10, has_more=true
2025-10-13 - Trang dữ liệu lấy được: 10, has_more=true
2025-10-13 - Trang dữ liệu lấy được: 10, has_more=true
2025-10-13 - Trang dữ liệu lấy được: 10, has_more=true
2025-10-13 - Trang dữ liệu lấy được: 10, has_more=true
2025-10-13 - Trang dữ liệu lấy được: 10, has_more=true
2025-10-13 - Trang dữ liệu lấy được: 10, has_more=true
2025-10-13 - Trang dữ liệu lấy được: 10, has_more=true
2025-10-13 - Trang dữ liệu lấy được: 10, has_more=true
2025-10-13 - Trang dữ liệu lấy được: 10, has_more=true
2025-10-13 - Trang dữ liệu lấy được: 10, has_more=true
2025-10-13 - Trang dữ liệu lấy được: 10, has_more=true
2025-10-13 - Trang dữ liệu lấy được: 10, has_more=true
2025-10-13 - Trang dữ liệu lấy được: 10, has_more=true
2025-10-13 - Trang dữ liệu lấy được: 10, has_more=true
2025-10-13 - Trang dữ liệu lấy được: 6, has_more=false
2025-10-13 - Tổng số user lấy được: 129
2025-10-13 - Message chuẩn bị gửi:
📊 Báo cáo hoạt động nhân viên

🚨 Không hoạt động liên tục 3 ngày: 11 nhân viên
Danh sách: NV_test1, HienLD_OCP_MKT_SOCIAL, Yến_BS Mạnh, HABM_NT_MKT_ADS, Hỗ trợ , Thang_TD_OCP_MKT_ADS_TEAM ĐẠT, TRANGNT_OCP_BO_KT_KHO, Đào Thanh Tú (CEO), TRANGDTH_OCP_KD_CSKH_T5, Lead_test1, PhuLC_NT_ADS_LEAD

😴 Không hoạt động hôm qua (2025-10-12): 89 nhân viên
Danh sách: Phan Ngọc Quang_OCP_MKT_ADS_Team ĐẠT, QUANND_OCP_KD_SALE_T2, NV_test1, Phan Thanh Hiền_OCP_KD_SALE, Nguyễn Thị Y Nguyên_OCP_BO_KETOAN, HuongLT_OCP_KD_VD, Phạm Huy Miêng_ Pk_ BS, TrangNTT_OCP_BO_KT_LEAD, HƯƠNGNT_OCP_BO_HCNS, TRANGDBH_OCP_KD_CSKH_T3, PhongNX_OCP_MKT_ADS_TEAM HUY, LONGNT_OCP_KD_SALE_T1, Phạm Thu Trang_OCP_KD_CSKH, DươngNTT_OCP_BO_HCNS, GIANGDM_OCP_KD_CSKH_T5, LINHDTT_OCP_KD_SALE_T2, THUYBM_OCP_KD_CSKH_T1, DungNA_OCP_MKT_ADS_Team ĐẠT, DUNGMT_OCP_CSKH_T3, NGADT_OCP_KD_SALE_T2, Phạm Thế Hải_OCP_MKT_ADS_Team Huy, SONLD_KỸ THUẬT, HienLD_OCP_MKT_SOCIAL, DatQT_OCP_MKT_ADS_TEAM ĐẠT_LEAD, PHUONGTT_OCP_KD_CSKH_T4_Lead, LANTT_OCP_BO_KT, Đinh Thị Ngọc Điệp_OCP_KD_SALE, TUANTA_OCP_KD_SALE_T1_Lead, THUHT_OCP_KD_SALE_T4_Lead, HuyNQ_OCP_MKT_ADS_TEAM HUY_LEAD, Lưu Thị Thuỳ Trang_OCP_KD_SALE, LINHNK_OCP_KD_TLSALE, THIEUNT - NT - ADS, Yến_BS Mạnh, MyDT_OCP_KD_CSKH _T2, ANHHP_OCP_KD_CSKH_T4, ANHNTV_OCP_KD_CSKH_T5_Lead, KIENNH_OCP_MKT_ADS_Team HUY, NGOCNTB_OPC_KD_CSKH_T2, HUONGNT_OCP_KD_CSKH_T4, HABM_NT_MKT_ADS, QUANĐM_OCP_KD_SALE_T3, PHƯƠNGTTM_OCP_BO_KT, ThảoPT_OCP_MKT_SOCIAL, LinhNTT_OCP_KD_CSKH_T2, PHUONGNQ_OCP_KD_CSKH_T2_LEAD, GiangNH_OCP_KD_VD, DUCNV_OCP_MKT_ADS_TEAM ĐẠT, Hỗ trợ , Tạ Thị Thuỳ Linh_OCP_BO_HCNS, Hoàng Thị Quỳnh Nga_NT_KD_Telesale, Lê Thị Mỹ Linh_OCP_KD_SALE, KIEULT_OCP_KD_CSKH_T5, Vũ Thị Thanh_OCP_KD_CSKH, THANHNVH_OCP_KD_CSKH_T1_LEAD, LUUNT_OCP_KD_SALE_T4, NGAPTT_OCP_KD_CSKH_T1, HIENNT_OCP_KD_CSKH_T5, NGUYỄN THỊ THU_OCP_KD_TLsale_Lead, TRANGHTT_OCP_KD_SALE_T1, XUANNT_OCP_KD_CSKH_T3, SƠNNN_NT_ADS, LINHLQ_OCP_KD_SALE_T1, DuongNT_OCP_BO_KT, TRANGNT_OCP_BO_KT_KHO, PHUONGNT_OCP_KD_CSKH_T2, XUANDT_OCP_KD_CSKH_T4, NGANNT_OCP_KD_CSKH_T4, LenDD_OCP_KD_SALE_LEAD, QUYENNT_OCP_KD_CSKH_T1, Đào Thanh Tú (CEO), TRANGDTH_OCP_KD_CSKH_T5, LINHHT_NT_SALE_LEAD 👑, TAMHV_OCP_MKT_ADS_TEAM ĐẠT, TRANGTTT_OCP_MKT_SOCIAL, LINHNT_OCP_KD_CSKH_T1, Nguyễn Hoàng Anh_OCP_MKT_ADS_Team Huy, DIEPTB_OCP_KD_SALE, ĐứcLM _NT_ ADS, Lead_test1, HUONGDT_OCP_KD_CSKH _T1, ANHNTL_OCP_KD_CSKH_T3, TAINQ_NT_SALE, DuongNTT_OCP_MKT_ADS_TEAM HUY, CơNT_OCP_MKT_SOCIAL, YENVT_OCP_KD_CSKH_T1, NGOCBT_OCP_KD_CSKH_T5, DUYTT_OCP_KD_SALE, PhuLC_NT_ADS_LEAD
2025-10-13 - Payload gửi đi: {"msg_type":"text","content":"{\"text\":\"📊 Báo cáo hoạt động nhân viên\\n\\n🚨 Không hoạt động liên tục 3 ngày: 11 nhân viên\\nDanh sách: NV_test1, HienLD_OCP_MKT_SOCIAL, Yến_BS Mạnh, HABM_NT_MKT_ADS, Hỗ trợ , Thang_TD_OCP_MKT_ADS_TEAM ĐẠT, TRANGNT_OCP_BO_KT_KHO, Đào Thanh Tú (CEO), TRANGDTH_OCP_KD_CSKH_T5, Lead_test1, PhuLC_NT_ADS_LEAD\\n\\n😴 Không hoạt động hôm qua (2025-10-12): 89 nhân viên\\nDanh sách: Phan Ngọc Quang_OCP_MKT_ADS_Team ĐẠT, QUANND_OCP_KD_SALE_T2, NV_test1, Phan Thanh Hiền_OCP_KD_SALE, Nguyễn Thị Y Nguyên_OCP_BO_KETOAN, HuongLT_OCP_KD_VD, Phạm Huy Miêng_ Pk_ BS, TrangNTT_OCP_BO_KT_LEAD, HƯƠNGNT_OCP_BO_HCNS, TRANGDBH_OCP_KD_CSKH_T3, PhongNX_OCP_MKT_ADS_TEAM HUY, LONGNT_OCP_KD_SALE_T1, Phạm Thu Trang_OCP_KD_CSKH, DươngNTT_OCP_BO_HCNS, GIANGDM_OCP_KD_CSKH_T5, LINHDTT_OCP_KD_SALE_T2, THUYBM_OCP_KD_CSKH_T1, DungNA_OCP_MKT_ADS_Team ĐẠT, DUNGMT_OCP_CSKH_T3, NGADT_OCP_KD_SALE_T2, Phạm Thế Hải_OCP_MKT_ADS_Team Huy, SONLD_KỸ THUẬT, HienLD_OCP_MKT_SOCIAL, DatQT_OCP_MKT_ADS_TEAM ĐẠT_LEAD, PHUONGTT_OCP_KD_CSKH_T4_Lead, LANTT_OCP_BO_KT, Đinh Thị Ngọc Điệp_OCP_KD_SALE, TUANTA_OCP_KD_SALE_T1_Lead, THUHT_OCP_KD_SALE_T4_Lead, HuyNQ_OCP_MKT_ADS_TEAM HUY_LEAD, Lưu Thị Thuỳ Trang_OCP_KD_SALE, LINHNK_OCP_KD_TLSALE, THIEUNT - NT - ADS, Yến_BS Mạnh, MyDT_OCP_KD_CSKH _T2, ANHHP_OCP_KD_CSKH_T4, ANHNTV_OCP_KD_CSKH_T5_Lead, KIENNH_OCP_MKT_ADS_Team HUY, NGOCNTB_OPC_KD_CSKH_T2, HUONGNT_OCP_KD_CSKH_T4, HABM_NT_MKT_ADS, QUANĐM_OCP_KD_SALE_T3, PHƯƠNGTTM_OCP_BO_KT, ThảoPT_OCP_MKT_SOCIAL, LinhNTT_OCP_KD_CSKH_T2, PHUONGNQ_OCP_KD_CSKH_T2_LEAD, GiangNH_OCP_KD_VD, DUCNV_OCP_MKT_ADS_TEAM ĐẠT, Hỗ trợ , Tạ Thị Thuỳ Linh_OCP_BO_HCNS, Hoàng Thị Quỳnh Nga_NT_KD_Telesale, Lê Thị Mỹ Linh_OCP_KD_SALE, KIEULT_OCP_KD_CSKH_T5, Vũ Thị Thanh_OCP_KD_CSKH, THANHNVH_OCP_KD_CSKH_T1_LEAD, LUUNT_OCP_KD_SALE_T4, NGAPTT_OCP_KD_CSKH_T1, HIENNT_OCP_KD_CSKH_T5, NGUYỄN THỊ THU_OCP_KD_TLsale_Lead, TRANGHTT_OCP_KD_SALE_T1, XUANNT_OCP_KD_CSKH_T3, SƠNNN_NT_ADS, LINHLQ_OCP_KD_SALE_T1, DuongNT_OCP_BO_KT, TRANGNT_OCP_BO_KT_KHO, PHUONGNT_OCP_KD_CSKH_T2, XUANDT_OCP_KD_CSKH_T4, NGANNT_OCP_KD_CSKH_T4, LenDD_OCP_KD_SALE_LEAD, QUYENNT_OCP_KD_CSKH_T1, Đào Thanh Tú (CEO), TRANGDTH_OCP_KD_CSKH_T5, LINHHT_NT_SALE_LEAD 👑, TAMHV_OCP_MKT_ADS_TEAM ĐẠT, TRANGTTT_OCP_MKT_SOCIAL, LINHNT_OCP_KD_CSKH_T1, Nguyễn Hoàng Anh_OCP_MKT_ADS_Team Huy, DIEPTB_OCP_KD_SALE, ĐứcLM _NT_ ADS, Lead_test1, HUONGDT_OCP_KD_CSKH _T1, ANHNTL_OCP_KD_CSKH_T3, TAINQ_NT_SALE, DuongNTT_OCP_MKT_ADS_TEAM HUY, CơNT_OCP_MKT_SOCIAL, YENVT_OCP_KD_CSKH_T1, NGOCBT_OCP_KD_CSKH_T5, DUYTT_OCP_KD_SALE, PhuLC_NT_ADS_LEAD\"}","receive_id":"ou_2e198fcf2b44e3f9ca15915044243399"}
2025-10-13 - 📤 Response từ server: {"code":0,"data":{"body":{"content":"{\"text\":\"📊 Báo cáo hoạt động nhân viên\\n\\n🚨 Không hoạt động liên tục 3 ngày: 11 nhân viên\\nDanh sách: NV_test1, HienLD_OCP_MKT_SOCIAL, Yến_BS Mạnh, HABM_NT_MKT_ADS, Hỗ trợ , Thang_TD_OCP_MKT_ADS_TEAM ĐẠT, TRANGNT_OCP_BO_KT_KHO, Đào Thanh Tú (CEO), TRANGDTH_OCP_KD_CSKH_T5, Lead_test1, PhuLC_NT_ADS_LEAD\\n\\n😴 Không hoạt động hôm qua (2025-10-12): 89 nhân viên\\nDanh sách: Phan Ngọc Quang_OCP_MKT_ADS_Team ĐẠT, QUANND_OCP_KD_SALE_T2, NV_test1, Phan Thanh Hiền_OCP_KD_SALE, Nguyễn Thị Y Nguyên_OCP_BO_KETOAN, HuongLT_OCP_KD_VD, Phạm Huy Miêng_ Pk_ BS, TrangNTT_OCP_BO_KT_LEAD, HƯƠNGNT_OCP_BO_HCNS, TRANGDBH_OCP_KD_CSKH_T3, PhongNX_OCP_MKT_ADS_TEAM HUY, LONGNT_OCP_KD_SALE_T1, Phạm Thu Trang_OCP_KD_CSKH, DươngNTT_OCP_BO_HCNS, GIANGDM_OCP_KD_CSKH_T5, LINHDTT_OCP_KD_SALE_T2, THUYBM_OCP_KD_CSKH_T1, DungNA_OCP_MKT_ADS_Team ĐẠT, DUNGMT_OCP_CSKH_T3, NGADT_OCP_KD_SALE_T2, Phạm Thế Hải_OCP_MKT_ADS_Team Huy, SONLD_KỸ THUẬT, HienLD_OCP_MKT_SOCIAL, DatQT_OCP_MKT_ADS_TEAM ĐẠT_LEAD, PHUONGTT_OCP_KD_CSKH_T4_Lead, LANTT_OCP_BO_KT, Đinh Thị Ngọc Điệp_OCP_KD_SALE, TUANTA_OCP_KD_SALE_T1_Lead, THUHT_OCP_KD_SALE_T4_Lead, HuyNQ_OCP_MKT_ADS_TEAM HUY_LEAD, Lưu Thị Thuỳ Trang_OCP_KD_SALE, LINHNK_OCP_KD_TLSALE, THIEUNT - NT - ADS, Yến_BS Mạnh, MyDT_OCP_KD_CSKH _T2, ANHHP_OCP_KD_CSKH_T4, ANHNTV_OCP_KD_CSKH_T5_Lead, KIENNH_OCP_MKT_ADS_Team HUY, NGOCNTB_OPC_KD_CSKH_T2, HUONGNT_OCP_KD_CSKH_T4, HABM_NT_MKT_ADS, QUANĐM_OCP_KD_SALE_T3, PHƯƠNGTTM_OCP_BO_KT, ThảoPT_OCP_MKT_SOCIAL, LinhNTT_OCP_KD_CSKH_T2, PHUONGNQ_OCP_KD_CSKH_T2_LEAD, GiangNH_OCP_KD_VD, DUCNV_OCP_MKT_ADS_TEAM ĐẠT, Hỗ trợ , Tạ Thị Thuỳ Linh_OCP_BO_HCNS, Hoàng Thị Quỳnh Nga_NT_KD_Telesale, Lê Thị Mỹ Linh_OCP_KD_SALE, KIEULT_OCP_KD_CSKH_T5, Vũ Thị Thanh_OCP_KD_CSKH, THANHNVH_OCP_KD_CSKH_T1_LEAD, LUUNT_OCP_KD_SALE_T4, NGAPTT_OCP_KD_CSKH_T1, HIENNT_OCP_KD_CSKH_T5, NGUYỄN THỊ THU_OCP_KD_TLsale_Lead, TRANGHTT_OCP_KD_SALE_T1, XUANNT_OCP_KD_CSKH_T3, SƠNNN_NT_ADS, LINHLQ_OCP_KD_SALE_T1, DuongNT_OCP_BO_KT, TRANGNT_OCP_BO_KT_KHO, PHUONGNT_OCP_KD_CSKH_T2, XUANDT_OCP_KD_CSKH_T4, NGANNT_OCP_KD_CSKH_T4, LenDD_OCP_KD_SALE_LEAD, QUYENNT_OCP_KD_CSKH_T1, Đào Thanh Tú (CEO), TRANGDTH_OCP_KD_CSKH_T5, LINHHT_NT_SALE_LEAD 👑, TAMHV_OCP_MKT_ADS_TEAM ĐẠT, TRANGTTT_OCP_MKT_SOCIAL, LINHNT_OCP_KD_CSKH_T1, Nguyễn Hoàng Anh_OCP_MKT_ADS_Team Huy, DIEPTB_OCP_KD_SALE, ĐứcLM _NT_ ADS, Lead_test1, HUONGDT_OCP_KD_CSKH _T1, ANHNTL_OCP_KD_CSKH_T3, TAINQ_NT_SALE, DuongNTT_OCP_MKT_ADS_TEAM HUY, CơNT_OCP_MKT_SOCIAL, YENVT_OCP_KD_CSKH_T1, NGOCBT_OCP_KD_CSKH_T5, DUYTT_OCP_KD_SALE, PhuLC_NT_ADS_LEAD\"}"},"chat_id":"oc_6e20febaabb7aee2f678c0fa2ce40ee0","create_time":"1760374223949","deleted":false,"message_id":"om_x100b41e6923010a0e2944a4fd5b8494","msg_type":"text","sender":{"id":"cli_a8563adbd3b95010","id_type":"app_id","sender_type":"app","tenant_key":"1b24a2975045d743"},"update_time":"1760374223949","updated":false},"msg":"success"}
2025-10-13 - ===== Kết thúc debug chương trình =====
